   1               		.file	"fastpwm.c"
   2               	__SREG__ = 0x3f
   3               	__SP_H__ = 0x3e
   4               	__SP_L__ = 0x3d
   5               	__CCP__  = 0x34
   6               	__tmp_reg__ = 0
   7               	__zero_reg__ = 1
  15               	.Ltext0:
  16               	.global	main
  18               	main:
  19               	.LFB2:
  20               	.LM1:
  21               	/* prologue: function */
  22               	/* frame size = 0 */
  23               	.LM2:
  24 0000 8FEF      		ldi r24,lo8(-1)
  25 0002 87BB      		out 55-32,r24
  26               	.LM3:
  27 0004 8FE6      		ldi r24,lo8(111)
  28 0006 83BF      		out 83-32,r24
  29               	.LM4:
  30 0008 8FE7      		ldi r24,lo8(127)
  31 000a 81BF      		out 81-32,r24
  32               	.L2:
  33 000c 00C0      		rjmp .L2
  34               	.LFE2:
  60               	.Letext0:
DEFINED SYMBOLS
                            *ABS*:00000000 fastpwm.c
C:\DOCUME~1\user\LOCALS~1\Temp/cczsK55I.s:2      *ABS*:0000003f __SREG__
C:\DOCUME~1\user\LOCALS~1\Temp/cczsK55I.s:3      *ABS*:0000003e __SP_H__
C:\DOCUME~1\user\LOCALS~1\Temp/cczsK55I.s:4      *ABS*:0000003d __SP_L__
C:\DOCUME~1\user\LOCALS~1\Temp/cczsK55I.s:5      *ABS*:00000034 __CCP__
C:\DOCUME~1\user\LOCALS~1\Temp/cczsK55I.s:6      *ABS*:00000000 __tmp_reg__
C:\DOCUME~1\user\LOCALS~1\Temp/cczsK55I.s:7      *ABS*:00000001 __zero_reg__
C:\DOCUME~1\user\LOCALS~1\Temp/cczsK55I.s:18     .text:00000000 main

NO UNDEFINED SYMBOLS
